0 info it worked if it ends with ok
1 verbose cli [ 'C:\\Program Files\\nodejs\\\\node.exe',
1 verbose cli   'C:\\Program Files\\nodejs\\node_modules\\npm\\bin\\npm-cli.js',
1 verbose cli   'install',
1 verbose cli   'npm',
1 verbose cli   'npm-cli' ]
2 info using npm@2.5.1
3 info using node@v0.12.0
4 verbose node symlink C:\Program Files\nodejs\\node.exe
5 silly cache add args [ 'npm', null ]
6 verbose cache add spec npm
7 silly cache add args [ 'npm-cli', null ]
8 verbose cache add spec npm-cli
9 silly cache add parsed spec { raw: 'npm',
9 silly cache add   scope: null,
9 silly cache add   name: 'npm',
9 silly cache add   rawSpec: '',
9 silly cache add   spec: '*',
9 silly cache add   type: 'range' }
10 verbose addNamed npm@*
11 silly addNamed semver.valid null
12 silly addNamed semver.validRange *
13 silly addNameRange { name: 'npm', range: '*', hasData: false }
14 silly mapToRegistry name npm
15 silly mapToRegistry using default registry
16 silly mapToRegistry registry https://registry.npmjs.org/
17 silly mapToRegistry uri https://registry.npmjs.org/npm
18 verbose addNameRange registry:https://registry.npmjs.org/npm not in flight; fetching
19 silly cache add parsed spec { raw: 'npm-cli',
19 silly cache add   scope: null,
19 silly cache add   name: 'npm-cli',
19 silly cache add   rawSpec: '',
19 silly cache add   spec: '*',
19 silly cache add   type: 'range' }
20 verbose addNamed npm-cli@*
21 silly addNamed semver.valid null
22 silly addNamed semver.validRange *
23 silly addNameRange { name: 'npm-cli', range: '*', hasData: false }
24 silly mapToRegistry name npm-cli
25 silly mapToRegistry using default registry
26 silly mapToRegistry registry https://registry.npmjs.org/
27 silly mapToRegistry uri https://registry.npmjs.org/npm-cli
28 verbose addNameRange registry:https://registry.npmjs.org/npm-cli not in flight; fetching
29 verbose request uri https://registry.npmjs.org/npm-cli
30 verbose request no auth needed
31 info attempt registry request try #1 at 7:55:29 AM
32 verbose request id 9bce9abe3de4b37d
33 http request GET https://registry.npmjs.org/npm-cli
34 verbose request uri https://registry.npmjs.org/npm
35 verbose request no auth needed
36 info attempt registry request try #1 at 7:55:30 AM
37 verbose etag "EB29VBN4V562E82YVO2ZKMGUO"
38 http request GET https://registry.npmjs.org/npm
39 http 304 https://registry.npmjs.org/npm
40 silly get cb [ 304,
40 silly get   { date: 'Mon, 30 Mar 2015 11:55:29 GMT',
40 silly get     server: 'Apache',
40 silly get     via: '1.1 varnish',
40 silly get     'last-modified': 'Mon, 30 Mar 2015 11:55:29 GMT',
40 silly get     'cache-control': 'max-age=60',
40 silly get     etag: '"EB29VBN4V562E82YVO2ZKMGUO"',
40 silly get     age: '20',
40 silly get     'x-served-by': 'cache-iad2127-IAD',
40 silly get     'x-cache': 'HIT',
40 silly get     'x-cache-hits': '1',
40 silly get     'x-timer': 'S1427716529.235937,VS0,VE10',
40 silly get     vary: 'Accept',
40 silly get     'content-length': '0',
40 silly get     connection: 'close' } ]
41 verbose etag https://registry.npmjs.org/npm from cache
42 verbose get saving npm to C:\Users\kcolassi\AppData\Roaming\npm-cache\registry.npmjs.org\npm\.cache.json
43 silly addNameRange number 2 { name: 'npm', range: '*', hasData: true }
44 silly addNameRange versions [ 'npm',
44 silly addNameRange   [ '1.1.25',
44 silly addNameRange     '1.2.32',
44 silly addNameRange     '1.3.2',
44 silly addNameRange     '1.3.4',
44 silly addNameRange     '1.2.20',
44 silly addNameRange     '1.2.21',
44 silly addNameRange     '1.2.22',
44 silly addNameRange     '1.2.23',
44 silly addNameRange     '1.2.24',
44 silly addNameRange     '1.2.25',
44 silly addNameRange     '1.2.27',
44 silly addNameRange     '1.2.28',
44 silly addNameRange     '1.2.30',
44 silly addNameRange     '1.2.31',
44 silly addNameRange     '1.3.0',
44 silly addNameRange     '1.3.1',
44 silly addNameRange     '1.2.19',
44 silly addNameRange     '1.1.70',
44 silly addNameRange     '1.1.71',
44 silly addNameRange     '1.3.5',
44 silly addNameRange     '1.3.6',
44 silly addNameRange     '1.3.7',
44 silly addNameRange     '1.3.8',
44 silly addNameRange     '1.3.9',
44 silly addNameRange     '1.3.10',
44 silly addNameRange     '1.3.11',
44 silly addNameRange     '1.3.12',
44 silly addNameRange     '1.3.13',
44 silly addNameRange     '1.3.14',
44 silly addNameRange     '1.3.15',
44 silly addNameRange     '1.3.16',
44 silly addNameRange     '1.3.17',
44 silly addNameRange     '1.3.18',
44 silly addNameRange     '1.3.20',
44 silly addNameRange     '1.3.21',
44 silly addNameRange     '1.3.22',
44 silly addNameRange     '1.3.23',
44 silly addNameRange     '1.3.24',
44 silly addNameRange     '1.3.25',
44 silly addNameRange     '1.3.26',
44 silly addNameRange     '1.4.0',
44 silly addNameRange     '1.4.1',
44 silly addNameRange     '1.4.2',
44 silly addNameRange     '1.4.3',
44 silly addNameRange     '1.4.4',
44 silly addNameRange     '1.4.5',
44 silly addNameRange     '1.4.6',
44 silly addNameRange     '1.4.7',
44 silly addNameRange     '1.4.8',
44 silly addNameRange     '1.4.9',
44 silly addNameRange     '1.4.10',
44 silly addNameRange     '1.4.11',
44 silly addNameRange     '1.4.12',
44 silly addNameRange     '1.4.13',
44 silly addNameRange     '1.4.14',
44 silly addNameRange     '1.4.15',
44 silly addNameRange     '1.4.16',
44 silly addNameRange     '1.2.8000',
44 silly addNameRange     '1.4.17',
44 silly addNameRange     '1.4.18',
44 silly addNameRange     '1.4.19',
44 silly addNameRange     '1.5.0-alpha-0',
44 silly addNameRange     '1.5.0-alpha-1',
44 silly addNameRange     '1.4.20',
44 silly addNameRange     '1.5.0-alpha-2',
44 silly addNameRange     '1.4.21',
44 silly addNameRange     '1.5.0-alpha-3',
44 silly addNameRange     '1.5.0-alpha-4',
44 silly addNameRange     '2.0.0-alpha-5',
44 silly addNameRange     '1.4.22',
44 silly addNameRange     '1.4.23',
44 silly addNameRange     '2.0.0-alpha.6.0',
44 silly addNameRange     '1.4.24',
44 silly addNameRange     '2.0.0-alpha.6',
44 silly addNameRange     '2.0.0-alpha.7',
44 silly addNameRange     '2.0.0-beta.0',
44 silly addNameRange     '1.4.25',
44 silly addNameRange     '2.0.0-beta.1',
44 silly addNameRange     '1.4.26',
44 silly addNameRange     '2.0.0-beta.2',
44 silly addNameRange     '1.4.27',
44 silly addNameRange     '2.0.0-beta.3',
44 silly addNameRange     '1.4.28',
44 silly addNameRange     '2.0.0',
44 silly addNameRange     '2.0.1',
44 silly addNameRange     '2.0.2',
44 silly addNameRange     '2.1.0',
44 silly addNameRange     '2.1.1',
44 silly addNameRange     '2.1.2',
44 silly addNameRange     '2.1.3',
44 silly addNameRange     '2.1.4',
44 silly addNameRange     '2.1.5',
44 silly addNameRange     '2.1.6',
44 silly addNameRange     '2.1.7',
44 silly addNameRange     '2.1.8',
44 silly addNameRange     '2.1.9',
44 silly addNameRange     '2.1.10',
44 silly addNameRange     '2.1.11',
44 silly addNameRange     '2.1.12',
44 silly addNameRange     '2.1.13',
44 silly addNameRange     '2.1.14',
44 silly addNameRange     '2.1.15',
44 silly addNameRange     '2.1.16',
44 silly addNameRange     '2.1.17',
44 silly addNameRange     '2.1.18',
44 silly addNameRange     '2.2.0',
44 silly addNameRange     '2.3.0',
44 silly addNameRange     '2.4.0',
44 silly addNameRange     '2.4.1',
44 silly addNameRange     '2.5.0',
44 silly addNameRange     '2.5.1',
44 silly addNameRange     '2.6.0',
44 silly addNameRange     '2.6.1',
44 silly addNameRange     '2.7.0',
44 silly addNameRange     '2.7.1',
44 silly addNameRange     '2.7.2',
44 silly addNameRange     '2.7.3',
44 silly addNameRange     '2.7.4',
44 silly addNameRange     '2.7.5' ] ]
45 verbose addNamed npm@2.7.4
46 silly addNamed semver.valid 2.7.4
47 silly addNamed semver.validRange 2.7.4
48 silly cache afterAdd npm@2.7.4
49 verbose afterAdd C:\Users\kcolassi\AppData\Roaming\npm-cache\npm\2.7.4\package\package.json not in flight; writing
50 verbose afterAdd C:\Users\kcolassi\AppData\Roaming\npm-cache\npm\2.7.4\package\package.json written
51 http 404 https://registry.npmjs.org/npm-cli
52 verbose headers { date: 'Mon, 30 Mar 2015 11:55:29 GMT',
52 verbose headers   server: 'CouchDB/1.5.0 (Erlang OTP/R16B03)',
52 verbose headers   'content-type': 'application/json',
52 verbose headers   'cache-control': 'max-age=0',
52 verbose headers   'content-length': '51',
52 verbose headers   'accept-ranges': 'bytes',
52 verbose headers   via: '1.1 varnish',
52 verbose headers   age: '0',
52 verbose headers   'x-served-by': 'cache-iad2132-IAD',
52 verbose headers   'x-cache': 'MISS',
52 verbose headers   'x-cache-hits': '0',
52 verbose headers   'x-timer': 'S1427716529.301972,VS0,VE354',
52 verbose headers   connection: 'close' }
53 silly get cb [ 404,
53 silly get   { date: 'Mon, 30 Mar 2015 11:55:29 GMT',
53 silly get     server: 'CouchDB/1.5.0 (Erlang OTP/R16B03)',
53 silly get     'content-type': 'application/json',
53 silly get     'cache-control': 'max-age=0',
53 silly get     'content-length': '51',
53 silly get     'accept-ranges': 'bytes',
53 silly get     via: '1.1 varnish',
53 silly get     age: '0',
53 silly get     'x-served-by': 'cache-iad2132-IAD',
53 silly get     'x-cache': 'MISS',
53 silly get     'x-cache-hits': '0',
53 silly get     'x-timer': 'S1427716529.301972,VS0,VE354',
53 silly get     connection: 'close' } ]
54 verbose stack Error: 404 Not Found: npm-cli
54 verbose stack     at CachingRegistryClient.<anonymous> (C:\Program Files\nodejs\node_modules\npm\node_modules\npm-registry-client\lib\request.js:251:14)
54 verbose stack     at Request._callback (C:\Program Files\nodejs\node_modules\npm\node_modules\npm-registry-client\lib\request.js:178:14)
54 verbose stack     at Request.self.callback (C:\Program Files\nodejs\node_modules\npm\node_modules\request\request.js:344:22)
54 verbose stack     at Request.emit (events.js:110:17)
54 verbose stack     at Request.<anonymous> (C:\Program Files\nodejs\node_modules\npm\node_modules\request\request.js:1239:14)
54 verbose stack     at Request.emit (events.js:129:20)
54 verbose stack     at IncomingMessage.<anonymous> (C:\Program Files\nodejs\node_modules\npm\node_modules\request\request.js:1187:12)
54 verbose stack     at IncomingMessage.emit (events.js:129:20)
54 verbose stack     at _stream_readable.js:908:16
54 verbose stack     at process._tickCallback (node.js:355:11)
55 verbose statusCode 404
56 verbose pkgid npm-cli
57 verbose cwd C:\apache-tomcat-8.0.20\webapps\ROOT\pub\apps
58 error Windows_NT 6.1.7601
59 error argv "C:\\Program Files\\nodejs\\\\node.exe" "C:\\Program Files\\nodejs\\node_modules\\npm\\bin\\npm-cli.js" "install" "npm" "npm-cli"
60 error node v0.12.0
61 error npm  v2.5.1
62 error code E404
63 error 404 Not Found: npm-cli
63 error 404
63 error 404 'npm-cli' is not in the npm registry.
63 error 404 You should bug the author to publish it (or use the name yourself!)
63 error 404
63 error 404 Note that you can also install from a
63 error 404 tarball, folder, http url, or git url.
64 verbose exit [ 1, true ]
